<?xml version="1.0" encoding="UTF-8"?>
<!-- Generated by org.testng.reporters.JUnitReportReporter -->
<testsuite hostname="Dell-Xps-15-12" name="com.inhancewebsiteautomationtest.tests.AutomationTestSikulix" tests="1" failures="0" timestamp="10 Feb 2018 02:42:01 GMT" time="62.132" errors="0">
  <testcase name="smokeTestWithSikuli" time="62.132" classname="com.inhancewebsiteautomationtest.tests.AutomationTestSikulix"/>
</testsuite> <!-- com.inhancewebsiteautomationtest.tests.AutomationTestSikulix -->
