<?xml version="1.0" encoding="UTF-8"?>
<!-- Generated by org.testng.reporters.JUnitReportReporter -->
<testsuite hostname="Dell-Xps-15-12" name="com.inhancewebsiteautomationtest.tests.InhanceWebsiteAboutPageTest" tests="7" failures="0" timestamp="20 Feb 2018 03:04:44 GMT" time="37.996" errors="0">
  <testcase name="given_AboutLogoButton_when_Hovered_then_Highlighted" time="5.809" classname="com.inhancewebsiteautomationtest.tests.InhanceWebsiteAboutPageTest"/>
  <testcase name="given_AboutHamburgerButton_when_Hovered_then_Highlighted" time="5.920" classname="com.inhancewebsiteautomationtest.tests.InhanceWebsiteAboutPageTest"/>
  <testcase name="given_AboutHamburgerButton_when_Unhovered_then_Dehighlighted" time="7.287" classname="com.inhancewebsiteautomationtest.tests.InhanceWebsiteAboutPageTest"/>
  <testcase name="given_AboutPage_when_Loaded_then_AboutPageIsLoaded" time="3.762" classname="com.inhancewebsiteautomationtest.tests.InhanceWebsiteAboutPageTest"/>
  <testcase name="given_AboutLogoButton_when_Unhovered_then_Dehighlighted" time="4.670" classname="com.inhancewebsiteautomationtest.tests.InhanceWebsiteAboutPageTest"/>
  <testcase name="given_AboutHamburgerButton_when_Pressed_then_MenuIsDisplayed" time="5.182" classname="com.inhancewebsiteautomationtest.tests.InhanceWebsiteAboutPageTest"/>
  <testcase name="given_AboutPage_when_Loaded_then_PageBackgroundIsDisplayed" time="5.366" classname="com.inhancewebsiteautomationtest.tests.InhanceWebsiteAboutPageTest"/>
</testsuite> <!-- com.inhancewebsiteautomationtest.tests.InhanceWebsiteAboutPageTest -->
