<?xml version="1.0" encoding="UTF-8"?>
<!-- Generated by org.testng.reporters.JUnitReportReporter -->
<testsuite hostname="Dell-Xps-15-12" name="com.inhancewebsiteautomationtest.tests.AutomationTestSelenium" tests="5" failures="0" timestamp="12 Feb 2018 19:35:29 GMT" time="18.590" errors="0">
  <testcase name="newsSmokeTest" time="4.584" classname="com.inhancewebsiteautomationtest.tests.AutomationTestSelenium"/>
  <testcase name="homeSmokeTest" time="0.044" classname="com.inhancewebsiteautomationtest.tests.AutomationTestSelenium"/>
  <testcase name="workSmokeTest" time="4.636" classname="com.inhancewebsiteautomationtest.tests.AutomationTestSelenium"/>
  <testcase name="contactSmokeTest" time="4.628" classname="com.inhancewebsiteautomationtest.tests.AutomationTestSelenium"/>
  <testcase name="aboutSmokeTest" time="4.698" classname="com.inhancewebsiteautomationtest.tests.AutomationTestSelenium"/>
</testsuite> <!-- com.inhancewebsiteautomationtest.tests.AutomationTestSelenium -->
