<?xml version="1.0" encoding="UTF-8"?>
<!-- Generated by org.testng.reporters.JUnitReportReporter -->
<testsuite hostname="Dell-Xps-15-12" name="AutomationTest" tests="1" failures="0" timestamp="10 Feb 2018 00:59:25 GMT" time="60.083" errors="0">
  <testcase name="smokeTestWithSikuli" time="60.083" classname="AutomationTest"/>
</testsuite> <!-- AutomationTest -->
