<?xml version="1.0" encoding="UTF-8"?>
<!-- Generated by org.testng.reporters.JUnitReportReporter -->
<testsuite hostname="Dell-Xps-15-12" name="com.inhancewebsiteautomationtest.tests.AutomationTestSeleniumFormattedTestNG" tests="5" failures="0" timestamp="15 Feb 2018 00:27:06 GMT" time="14.952" errors="0">
  <testcase name="workSmokeTest" time="3.814" classname="com.inhancewebsiteautomationtest.tests.AutomationTestSeleniumFormattedTestNG"/>
  <testcase name="newsSmokeTest" time="3.678" classname="com.inhancewebsiteautomationtest.tests.AutomationTestSeleniumFormattedTestNG"/>
  <testcase name="homeSmokeTest" time="0.064" classname="com.inhancewebsiteautomationtest.tests.AutomationTestSeleniumFormattedTestNG"/>
  <testcase name="aboutSmokeTest" time="3.740" classname="com.inhancewebsiteautomationtest.tests.AutomationTestSeleniumFormattedTestNG"/>
  <testcase name="contactSmokeTest" time="3.656" classname="com.inhancewebsiteautomationtest.tests.AutomationTestSeleniumFormattedTestNG"/>
</testsuite> <!-- com.inhancewebsiteautomationtest.tests.AutomationTestSeleniumFormattedTestNG -->
