<?xml version="1.0" encoding="UTF-8"?>
<!-- Generated by org.testng.reporters.JUnitReportReporter -->
<testsuite hostname="Dell-Xps-15-12" name="com.inhancewebsiteautomationtest.tests.InhanceWebsiteIndependentTests" tests="36" failures="0" timestamp="16 Feb 2018 22:43:26 GMT" time="347.198" errors="0">
  <testcase name="given_PageIsHomeAndHamburgerMenuIsOpened_when_ContactIsHovered_then_ContactIsHighlighted" time="8.067" classname="com.inhancewebsiteautomationtest.tests.InhanceWebsiteIndependentTests"/>
  <testcase name="given_PageIsHome_when_DownArrowIsClicked_then_PageIsScrolledToSecondPartOfHome" time="9.971" classname="com.inhancewebsiteautomationtest.tests.InhanceWebsiteIndependentTests"/>
  <testcase name="given_PageIsSecondPartOfHome_when_ThirdImageOfGalleryIsHovered_then_ThirdImageOfGalleryIsExpanded" time="12.208" classname="com.inhancewebsiteautomationtest.tests.InhanceWebsiteIndependentTests"/>
  <testcase name="given_PageIsFourthPartOfHome_when_FacebookIsClicked_then_PageIsNavigatedToFacebook" time="7.523" classname="com.inhancewebsiteautomationtest.tests.InhanceWebsiteIndependentTests"/>
  <testcase name="given_PageIsSecondPartOfHome_when_FirstImageOfGalleryIsHovered_then_FirstImageOfGalleryIsExpanded" time="9.512" classname="com.inhancewebsiteautomationtest.tests.InhanceWebsiteIndependentTests"/>
  <testcase name="given_PageIsSecondPartOfHome_when_ViewAllButtonIsClicked_then_PageIsNavigatedToWork" time="22.407" classname="com.inhancewebsiteautomationtest.tests.InhanceWebsiteIndependentTests"/>
  <testcase name="given_PageIsSecondPartOfHome_when_FirstImageOfGalleryIsClicked_then_PageIsNavigatedToIntelWearables" time="15.661" classname="com.inhancewebsiteautomationtest.tests.InhanceWebsiteIndependentTests"/>
  <testcase name="given_PageIsFourthPartOfHome_when_PhoneNumberIsShown_then_PhoneNumberIsAccurate" time="2.530" classname="com.inhancewebsiteautomationtest.tests.InhanceWebsiteIndependentTests"/>
  <testcase name="given_PageIsFourthPartOfHome_when_EmailIsShown_then_EmailIsClickable" time="4.039" classname="com.inhancewebsiteautomationtest.tests.InhanceWebsiteIndependentTests"/>
  <testcase name="given_PageIsSecondPartOfHome_when_SecondImageOfGalleryIsHovered_then_SecondImageOfGalleryIsExpanded" time="10.673" classname="com.inhancewebsiteautomationtest.tests.InhanceWebsiteIndependentTests"/>
  <testcase name="given_PageIsFourthPartOfHome_when_EmailIsShown_then_EmailIsAccurate" time="2.641" classname="com.inhancewebsiteautomationtest.tests.InhanceWebsiteIndependentTests"/>
  <testcase name="given_PageIsFourthPartOfHome_when_CareersIsClicked_then_PageIsNavigatedToCareers" time="11.953" classname="com.inhancewebsiteautomationtest.tests.InhanceWebsiteIndependentTests"/>
  <testcase name="given_PageIsHome_when_HamburgerIsPressed_then_HamburgerMenuIsOpened" time="5.883" classname="com.inhancewebsiteautomationtest.tests.InhanceWebsiteIndependentTests"/>
  <testcase name="given_PageIsSecondPartOfHome_when_ViewAllButtonIsHovered_then_ViewAllButtonIsHighlighted" time="23.645" classname="com.inhancewebsiteautomationtest.tests.InhanceWebsiteIndependentTests"/>
  <testcase name="given_PageIsSecondPartOfHome_when_ThirdImageOfGalleryIsClicked_then_PageIsNavigatedToDellKeynote" time="19.034" classname="com.inhancewebsiteautomationtest.tests.InhanceWebsiteIndependentTests"/>
  <testcase name="given_PageIsThirdPartOfHome_when_LearnMoreButtonIsHovered_then_LearnMoreButtonIsHighlighted" time="9.859" classname="com.inhancewebsiteautomationtest.tests.InhanceWebsiteIndependentTests"/>
  <testcase name="given_PageIsFourthPartOfHome_when_TwitterIsClicked_then_PageIsNavigatedToTwitter" time="4.718" classname="com.inhancewebsiteautomationtest.tests.InhanceWebsiteIndependentTests"/>
  <testcase name="given_PageIsHomeAndHamburgerMenuIsOpened_when_WorkIsClicked_then_PageIsNavigatedToWork" time="14.249" classname="com.inhancewebsiteautomationtest.tests.InhanceWebsiteIndependentTests"/>
  <testcase name="given_PageIsSecondPartOfHome_when_SecondImageOfGalleryIsClicked_then_PageIsNavigatedToAbMauri" time="14.702" classname="com.inhancewebsiteautomationtest.tests.InhanceWebsiteIndependentTests"/>
  <testcase name="given_PageIsFourthPartOfHome_when_MoreButtonIsClicked_then_PageIsNavigatedToContact" time="7.978" classname="com.inhancewebsiteautomationtest.tests.InhanceWebsiteIndependentTests"/>
  <testcase name="given_PageIsHome_when_HamburgerIsHovered_then_HamburgerIsHighlighted" time="4.149" classname="com.inhancewebsiteautomationtest.tests.InhanceWebsiteIndependentTests"/>
  <testcase name="given_PageIsFourthPartOfHome_when_MoreButtonIsHovered_then_MoreButtonIsHighlighted" time="6.134" classname="com.inhancewebsiteautomationtest.tests.InhanceWebsiteIndependentTests"/>
  <testcase name="given_PageIsFourthPartOfHome_when_LinkedInIsClicked_then_PageIsNavigatedToLinkedIn" time="4.830" classname="com.inhancewebsiteautomationtest.tests.InhanceWebsiteIndependentTests"/>
  <testcase name="given_PageIsHome_when_PageIsLoaded_Then_BackgroundVideoIsPlayed" time="2.352" classname="com.inhancewebsiteautomationtest.tests.InhanceWebsiteIndependentTests"/>
  <testcase name="given_PageIsNotTopOfHome_when_LogoIsPressed_then_PageIsScrolledToTop" time="4.399" classname="com.inhancewebsiteautomationtest.tests.InhanceWebsiteIndependentTests"/>
  <testcase name="given_PageIsFourthPartOfHome_when_RequestInfoIsClicked_then_PageIsNavigatedToContact" time="15.014" classname="com.inhancewebsiteautomationtest.tests.InhanceWebsiteIndependentTests"/>
  <testcase name="given_PageIsHomeAndHamburgerMenuIsOpen_when_XButtonIsPressed_then_HamburgerMenuIsClosed" time="12.096" classname="com.inhancewebsiteautomationtest.tests.InhanceWebsiteIndependentTests"/>
  <testcase name="given_PageIsHomeAndHamburgerMenuIsOpened_when_AboutIsHovered_then_AboutIsHighlighted" time="8.817" classname="com.inhancewebsiteautomationtest.tests.InhanceWebsiteIndependentTests"/>
  <testcase name="given_PageIsHomeAndHamburgerMenuIsOpened_when_ContactIsClicked_then_PageIsNavigatedToContact" time="10.097" classname="com.inhancewebsiteautomationtest.tests.InhanceWebsiteIndependentTests"/>
  <testcase name="given_PageIsHomeAndHamburgerMenuIsOpened_when_WorkIsHovered_then_WorkIsHighlighted" time="8.982" classname="com.inhancewebsiteautomationtest.tests.InhanceWebsiteIndependentTests"/>
  <testcase name="given_PageIsHomeAndHamburgerMenuIsOpened_when_AboutIsClicked_then_PageIsNavigatedToAbout" time="10.178" classname="com.inhancewebsiteautomationtest.tests.InhanceWebsiteIndependentTests"/>
  <testcase name="given_PageIsHomeAndHamburgerMenuIsOpened_when_NewsIsHovered_then_NewsIsHighlighted" time="7.872" classname="com.inhancewebsiteautomationtest.tests.InhanceWebsiteIndependentTests"/>
  <testcase name="given_PageIsHome_when_LogoIsHovered_then_LogoIsHighlighted" time="4.010" classname="com.inhancewebsiteautomationtest.tests.InhanceWebsiteIndependentTests"/>
  <testcase name="given_PageIsFourthPartOfHome_when_PhoneNumberIsShown_then_PhoneNumberIsClickable" time="4.143" classname="com.inhancewebsiteautomationtest.tests.InhanceWebsiteIndependentTests"/>
  <testcase name="given_PageIsThirdPartOfHome_when_LearnMoreButtonIsClicked_then_PageIsNavigatedToAbout" time="11.946" classname="com.inhancewebsiteautomationtest.tests.InhanceWebsiteIndependentTests"/>
  <testcase name="given_PageIsHomeAndHamburgerMenuIsOpened_when_NewsIsClicked_then_PageIsNavigatedToNews" time="14.926" classname="com.inhancewebsiteautomationtest.tests.InhanceWebsiteIndependentTests"/>
</testsuite> <!-- com.inhancewebsiteautomationtest.tests.InhanceWebsiteIndependentTests -->
