<?xml version="1.0" encoding="UTF-8"?>
<!-- Generated by org.testng.reporters.JUnitReportReporter -->
<testsuite hostname="Dell-Xps-15-12" name="com.inhancewebsiteautomationtest.tests.FrameworkWebAutomation" tests="1" failures="0" timestamp="27 Feb 2018 01:53:46 GMT" time="8.375" errors="0">
  <testcase name="test" time="8.375" classname="com.inhancewebsiteautomationtest.tests.FrameworkWebAutomation"/>
</testsuite> <!-- com.inhancewebsiteautomationtest.tests.FrameworkWebAutomation -->
