<?xml version="1.0" encoding="UTF-8"?>
<!-- Generated by org.testng.reporters.JUnitReportReporter -->
<testsuite hostname="Dell-Xps-15-12" name="com.inhancewebsiteautomationtest.tests.InhanceWebsiteAboutPageTest" tests="3" failures="0" timestamp="21 Feb 2018 01:47:45 GMT" time="25.306" errors="0">
  <testcase name="given_AboutEnergyLink_when_Hovered_then_Animate" time="5.565" classname="com.inhancewebsiteautomationtest.tests.InhanceWebsiteAboutPageTest"/>
  <testcase name="given_AboutEnergyLink_when_Unhovered_then_Animate" time="6.302" classname="com.inhancewebsiteautomationtest.tests.InhanceWebsiteAboutPageTest"/>
  <testcase name="given_AboutEnergyLink_when_Clicked_then_EnergyPageIsLoaded" time="13.439" classname="com.inhancewebsiteautomationtest.tests.InhanceWebsiteAboutPageTest"/>
</testsuite> <!-- com.inhancewebsiteautomationtest.tests.InhanceWebsiteAboutPageTest -->
