<?xml version="1.0" encoding="UTF-8"?>
<!-- Generated by org.testng.reporters.JUnitReportReporter -->
<testsuite hostname="Dell-Xps-15-12" name="com.inhancewebsiteautomationtest.tests.InhanceWebsiteMainTest" tests="1" failures="0" timestamp="16 Feb 2018 00:16:04 GMT" time="175.087" errors="0">
  <testcase name="homeTest" time="175.087" classname="com.inhancewebsiteautomationtest.tests.InhanceWebsiteMainTest"/>
</testsuite> <!-- com.inhancewebsiteautomationtest.tests.InhanceWebsiteMainTest -->
