<?xml version="1.0" encoding="UTF-8"?>
<!-- Generated by org.testng.reporters.JUnitReportReporter -->
<testsuite hostname="Dell-Xps-15-12" name="com.inhancewebsiteautomationtest.tests.InhanceWebsiteSmokeTest" tests="5" failures="0" timestamp="19 Feb 2018 21:24:26 GMT" time="15.750" errors="0">
  <testcase name="workSmokeTest" time="3.222" classname="com.inhancewebsiteautomationtest.tests.InhanceWebsiteSmokeTest"/>
  <testcase name="newsSmokeTest" time="6.345" classname="com.inhancewebsiteautomationtest.tests.InhanceWebsiteSmokeTest"/>
  <testcase name="homeSmokeTest" time="0.068" classname="com.inhancewebsiteautomationtest.tests.InhanceWebsiteSmokeTest"/>
  <testcase name="aboutSmokeTest" time="3.149" classname="com.inhancewebsiteautomationtest.tests.InhanceWebsiteSmokeTest"/>
  <testcase name="contactSmokeTest" time="2.966" classname="com.inhancewebsiteautomationtest.tests.InhanceWebsiteSmokeTest"/>
</testsuite> <!-- com.inhancewebsiteautomationtest.tests.InhanceWebsiteSmokeTest -->
