<?xml version="1.0" encoding="UTF-8"?>
<!-- Generated by org.testng.reporters.JUnitReportReporter -->
<testsuite hostname="Dell-Xps-15-12" name="com.inhancewebsiteautomationtest.tests.AutomationTestSeleniumFormattedTestNG" tests="5" failures="0" timestamp="19 Feb 2018 21:18:20 GMT" time="24.455" errors="0">
  <testcase name="contactSmokeTest" time="4.601" classname="com.inhancewebsiteautomationtest.tests.AutomationTestSeleniumFormattedTestNG"/>
  <testcase name="homeSmokeTest" time="0.040" classname="com.inhancewebsiteautomationtest.tests.AutomationTestSeleniumFormattedTestNG"/>
  <testcase name="newsSmokeTest" time="9.851" classname="com.inhancewebsiteautomationtest.tests.AutomationTestSeleniumFormattedTestNG"/>
  <testcase name="workSmokeTest" time="4.753" classname="com.inhancewebsiteautomationtest.tests.AutomationTestSeleniumFormattedTestNG"/>
  <testcase name="aboutSmokeTest" time="5.210" classname="com.inhancewebsiteautomationtest.tests.AutomationTestSeleniumFormattedTestNG"/>
</testsuite> <!-- com.inhancewebsiteautomationtest.tests.AutomationTestSeleniumFormattedTestNG -->
