<?xml version="1.0" encoding="UTF-8"?>
<!-- Generated by org.testng.reporters.JUnitReportReporter -->
<testsuite hostname="Dell-Xps-15-12" name="com.inhancewebsiteautomationtest.tests.InhanceWebsiteHomePageTest" tests="1" failures="0" timestamp="21 Feb 2018 21:46:48 GMT" time="4.827" errors="0">
  <testcase name="given_PageIsNotTopOfHome_when_LogoIsPressed_then_PageIsScrolledToTop" time="4.827" classname="com.inhancewebsiteautomationtest.tests.InhanceWebsiteHomePageTest"/>
</testsuite> <!-- com.inhancewebsiteautomationtest.tests.InhanceWebsiteHomePageTest -->
