<?xml version="1.0" encoding="UTF-8"?>
<!-- Generated by org.testng.reporters.JUnitReportReporter -->
<testsuite hostname="Dell-Xps-15-12" name="com.inhancewebsiteautomationtest.tests.InhanceWebsiteAboutPageTest" tests="1" failures="0" timestamp="20 Feb 2018 01:42:27 GMT" time="6.085" errors="0">
  <testcase name="given_AboutHamburgerButton_when_Pressed_then_MenuIsDisplayed" time="6.085" classname="com.inhancewebsiteautomationtest.tests.InhanceWebsiteAboutPageTest"/>
</testsuite> <!-- com.inhancewebsiteautomationtest.tests.InhanceWebsiteAboutPageTest -->
