<?xml version="1.0" encoding="UTF-8"?>
<!-- Generated by org.testng.reporters.JUnitReportReporter -->
<testsuite hostname="Dell-Xps-15-12" name="com.inhancewebsiteautomationtest.tests.AutomationTest" tests="3" failures="0" timestamp="10 Feb 2018 02:36:22 GMT" time="0.509" errors="0">
  <testcase name="given_PageIsHome_When_BackgroundIsVideo_Then_BackgroundVideoShouldPlay" time="0.153" classname="com.inhancewebsiteautomationtest.tests.AutomationTest"/>
  <testcase name="given_PageIsHome_When_PageIsLoaded_Then_BackgroundVideoSrcShouldBeAsGiven" time="0.025" classname="com.inhancewebsiteautomationtest.tests.AutomationTest"/>
  <testcase name="given_PageIsHome_When_LogoIsPressed_Then_PageShouldBeHome" time="0.331" classname="com.inhancewebsiteautomationtest.tests.AutomationTest"/>
</testsuite> <!-- com.inhancewebsiteautomationtest.tests.AutomationTest -->
