<?xml version="1.0" encoding="UTF-8"?>
<!-- Generated by org.testng.reporters.JUnitReportReporter -->
<testsuite hostname="Dell-Xps-15-12" name="com.inhancewebsiteautomationtest.tests.InhanceWebsiteSmokeTest" tests="5" failures="0" timestamp="21 Feb 2018 17:52:14 GMT" time="14.887" errors="0">
  <testcase name="aboutSmokeTest" time="2.963" classname="com.inhancewebsiteautomationtest.tests.InhanceWebsiteSmokeTest"/>
  <testcase name="contactSmokeTest" time="2.949" classname="com.inhancewebsiteautomationtest.tests.InhanceWebsiteSmokeTest"/>
  <testcase name="homeSmokeTest" time="0.081" classname="com.inhancewebsiteautomationtest.tests.InhanceWebsiteSmokeTest"/>
  <testcase name="newsSmokeTest" time="5.756" classname="com.inhancewebsiteautomationtest.tests.InhanceWebsiteSmokeTest"/>
  <testcase name="workSmokeTest" time="3.138" classname="com.inhancewebsiteautomationtest.tests.InhanceWebsiteSmokeTest"/>
</testsuite> <!-- com.inhancewebsiteautomationtest.tests.InhanceWebsiteSmokeTest -->
