<?xml version="1.0" encoding="UTF-8"?>
<!-- Generated by org.testng.reporters.JUnitReportReporter -->
<testsuite hostname="Dell-Xps-15-12" name="HomeTest" tests="1" failures="0" timestamp="9 Feb 2018 19:36:07 GMT" time="54.172" errors="0">
  <testcase name="smokeTestWithSikuli" time="54.172" classname="HomeTest"/>
</testsuite> <!-- HomeTest -->
